<?xml version="1.0" encoding="UTF-8"?>
<testsuite xmlns:xsi="http://www.w3.org/2001/XMLSchema-instance" xsi:noNamespaceSchemaLocation="https://maven.apache.org/surefire/maven-surefire-plugin/xsd/surefire-test-report.xsd" name="com.returnordermanag.packageDeliveryModule.PackagingAndDeliveryApplicationTests" time="9.066" tests="4" errors="0" skipped="0" failures="0">
  <properties>
[...]
</properties>
  <testcase name="PackageAndDeliveryTestForCountIsZero" classname="com.returnordermanag.packageDeliveryModule.PackagingAndDeliveryApplicationTests" time="0.967"/>
  <testcase name="PackageAndDeliveryTestForIntegral" classname="com.returnordermanag.packageDeliveryModule.PackagingAndDeliveryApplicationTests" time="0.005"/>
  <testcase name="PackageAndDeliveryTestForAccessory" classname="com.returnordermanag.packageDeliveryModule.PackagingAndDeliveryApplicationTests" time="0.011"/>
  <testcase name="contextLoads" classname="com.returnordermanag.packageDeliveryModule.PackagingAndDeliveryApplicationTests" time="0.028"/>
</testsuite>