<?xml version="1.0" encoding="UTF-8"?>
<testsuite xmlns:xsi="http://www.w3.org/2001/XMLSchema-instance" xsi:noNamespaceSchemaLocation="https://maven.apache.org/surefire/maven-surefire-plugin/xsd/surefire-test-report.xsd" name="com.returnordermanag.webPortal.model.AuthenticationRequestTest" time="0.085" tests="5" errors="0" skipped="0" failures="0">
  <properties>
[...]
</properties>
  <testcase name="testSetPassword" classname="com.returnordermanag.webPortal.model.AuthenticationRequestTest" time="0.047"/>
  <testcase name="testGetPassword" classname="com.returnordermanag.webPortal.model.AuthenticationRequestTest" time="0"/>
  <testcase name="testSetUserName" classname="com.returnordermanag.webPortal.model.AuthenticationRequestTest" time="0"/>
  <testcase name="testGetUserName" classname="com.returnordermanag.webPortal.model.AuthenticationRequestTest" time="0.002"/>
  <testcase name="testConstructor" classname="com.returnordermanag.webPortal.model.AuthenticationRequestTest" time="0"/>
</testsuite>